MPASM  5.51         PRACTICA 6 EJERCICIO1.ASM   4-6-2020  14:52:03         PAGE  1


LOC  OBJECT CODE     LINE SOURCE TEXT
  VALUE

                      00001 
                      00002 ;       programa que representa por un puertto paralelo el resultado de la conversion del canala AD sele
                            ccionado
                      00003 
                      00004 ;       para este proposito se seguira el siguiente algoritmo para el uso del convertidor AD con una res
                            olucion de 8 bits.
                      00005 
                      00006 ;       1. Estando en el banco cero, limpiar el puerto A, usando CLRF PORTA.
                      00007 ;       2. Cambiar al banco 1.
                      00008 ;       3. Configurar el puerto A como entradas analogicas, escribir 00h al registro ADCON1.
                      00009 ;       4. Realizar la configuracion de las fuentes de reloj, el canal de entrada y prender al convertid
                            or AD, en el registro ADCON0.
                      00010 ;       5. Inciar la conversion colocando un 1 en la bandera GO/DONE#.
                      00011 ;       6. Generar un tiempo de retardo de 20 microsegundos.
                      00012 ;       7. Esperar a que GO/DONE# sea igual a cero, lo que indica que a concluido el proceso de conversi
                            on.
                      00013 ;       8. Leer el resultado de la conversion del registro ADRESH.
                      00014 
                      00015 
Warning[205]: Found directive in column 1. (processor)
                      00016 processor 16F877A
Warning[205]: Found directive in column 1. (include)
                      00017 include <p16F877A.inc>
                      00001         LIST
                      00002 
                      00003 ;==========================================================================
                      00004 ;  MPASM PIC16F877A processor include
                      00005 ; 
                      00006 ;  (c) Copyright 1999-2013 Microchip Technology, All rights reserved
                      00007 ;==========================================================================
                      00008 
                      00566         LIST
                      00018 
                      00019 ;definicion de los registros para la subrutina de retardo
  00000030            00020 PDel0 EQU 30H
                      00021 
0000                  00022         ORG 0
0000   2805           00023         GOTO INICIO
0005                  00024         ORG 5
0005                  00025 INICIO 
0005   1283           00026         BCF STATUS,RP0
0006   1303           00027         BCF STATUS,RP1
0007   0185           00028         CLRF PORTA              ;1. Estando en el banco 0, lipiar el puerto A, usando CLRF PORTA.
0008   1683           00029         BSF STATUS,RP0  ;2. Cambiar al banco 1.
0009   304E           00030         MOVLW B'01001110'
Message[302]: Register in operand not in bank 0.  Ensure that bank bits are correct.
000A   009F           00031         MOVWF ADCON1    ;3. Cconfigurar el puerto A como entradas analogicas, escribir 00h al registro
000B   303F           00032         MOVLW 3FH
Message[302]: Register in operand not in bank 0.  Ensure that bank bits are correct.
000C   0085           00033         MOVWF TRISA
Message[302]: Register in operand not in bank 0.  Ensure that bank bits are correct.
000D   0186           00034         CLRF TRISB
000E   1283           00035         BCF STATUS,RP0
MPASM  5.51         PRACTICA 6 EJERCICIO1.ASM   4-6-2020  14:52:03         PAGE  2


LOC  OBJECT CODE     LINE SOURCE TEXT
  VALUE

Warning[202]: Argument out of range.  Least significant bits used.
000F   3081           00036         MOVLW B'110000001'
0010   009F           00037         MOVWF ADCON0    ;4. Realizar la configuracion de la fuente de reloj, el canal de entrada y prend
                            er al convertidor de AD , en el registro ADCON0.
0011   201B           00038         CALL DELAY_20MS
                      00039         
0012                  00040 PRINCIPAL
                      00041         
0012   151F           00042         BSF ADCON0,2    ;5. Iniciar la conversion colocando un 1 en la bandera GO/DONE#
                      00043                                         ;6. Generar un tiempo de retardo de 20 microsegundos.
                      00044 
0013                  00045 ESPERA
0013   191F           00046         BTFSC ADCON0,2
0014   2813           00047         GOTO ESPERA     ;7.Esperar a que GO/DONE# sea igual a cero, lo que indica que ha concluido el pr
                            oceso de conversion.
0015   081E           00048         MOVF ADRESH,W   ;8.Leer el resultado de la conversion del registro ADRESH
0016   0086           00049         MOVWF PORTB
0017   201B           00050         CALL DELAY_20MS
0018   201B           00051         CALL DELAY_20MS
0019   201B           00052         CALL DELAY_20MS
001A   2812           00053         GOTO PRINCIPAL
                      00054 
                      00055 
001B                  00056 DELAY_20MS
001B   3017           00057         MOVLW .23               ; 1 set numero de repeticion
001C   00B0           00058     MOVWF PDel0         ; 1 |
                      00059  
001D                  00060 PLOOP0
001D   0064           00061         CLRWDT                          ; 1 clear watchdog
001E   0BB0           00062         DECFSZ PDel0, 1         ; 1 + (1) es el tiempo 0 ?
001F   281D           00063         GOTO PLOOP0                     ; 2 no, loop
                      00064         
0020                  00065 PDelL1
0020   2821           00066         goto PDelL2                     ; 2 ciclos delay
                      00067 
0021                  00068 PDelL2
0021   0064           00069         CLRWDT                          ; 1 ciclo delay
0022   0008           00070         RETURN                          ; 2+2 Fin.
                      00071         
                      00072         END
MPASM  5.51         PRACTICA 6 EJERCICIO1.ASM   4-6-2020  14:52:03         PAGE  3


SYMBOL TABLE
  LABEL                             VALUE 

ACKDT                             00000005
ACKEN                             00000004
ACKSTAT                           00000006
ADCON0                            0000001F
ADCON1                            0000009F
ADCS0                             00000006
ADCS1                             00000007
ADCS2                             00000006
ADDEN                             00000003
ADFM                              00000007
ADIE                              00000006
ADIF                              00000006
ADON                              00000000
ADRESH                            0000001E
ADRESL                            0000009E
BCLIE                             00000003
BCLIF                             00000003
BF                                00000000
BRGH                              00000002
C                                 00000000
C1INV                             00000004
C1OUT                             00000006
C2INV                             00000005
C2OUT                             00000007
CCP1CON                           00000017
CCP1IE                            00000002
CCP1IF                            00000002
CCP1M0                            00000000
CCP1M1                            00000001
CCP1M2                            00000002
CCP1M3                            00000003
CCP1X                             00000005
CCP1Y                             00000004
CCP2CON                           0000001D
CCP2IE                            00000000
CCP2IF                            00000000
CCP2M0                            00000000
CCP2M1                            00000001
CCP2M2                            00000002
CCP2M3                            00000003
CCP2X                             00000005
CCP2Y                             00000004
CCPR1                             00000015
CCPR1H                            00000016
CCPR1L                            00000015
CCPR2                             0000001B
CCPR2H                            0000001C
CCPR2L                            0000001B
CHS0                              00000003
CHS1                              00000004
CHS2                              00000005
CIS                               00000003
CKE                               00000006
MPASM  5.51         PRACTICA 6 EJERCICIO1.ASM   4-6-2020  14:52:03         PAGE  4


SYMBOL TABLE
  LABEL                             VALUE 

CKP                               00000004
CM0                               00000000
CM1                               00000001
CM2                               00000002
CMCON                             0000009C
CMIE                              00000006
CMIF                              00000006
CREN                              00000004
CSRC                              00000007
CVR0                              00000000
CVR1                              00000001
CVR2                              00000002
CVR3                              00000003
CVRCON                            0000009D
CVREN                             00000007
CVROE                             00000006
CVRR                              00000005
D                                 00000005
DATA_ADDRESS                      00000005
DC                                00000001
DELAY_20MS                        0000001B
D_A                               00000005
D_NOT_A                           00000005
EEADR                             0000010D
EEADRH                            0000010F
EECON1                            0000018C
EECON2                            0000018D
EEDATA                            0000010C
EEDATH                            0000010E
EEIE                              00000004
EEIF                              00000004
EEPGD                             00000007
ESPERA                            00000013
F                                 00000001
FERR                              00000002
FSR                               00000004
GCEN                              00000007
GIE                               00000007
GO                                00000002
GO_DONE                           00000002
GO_NOT_DONE                       00000002
I2C_DATA                          00000005
I2C_READ                          00000002
I2C_START                         00000003
I2C_STOP                          00000004
IBF                               00000007
IBOV                              00000005
INDF                              00000000
INICIO                            00000005
INTCON                            0000000B
INTE                              00000004
INTEDG                            00000006
INTF                              00000001
MPASM  5.51         PRACTICA 6 EJERCICIO1.ASM   4-6-2020  14:52:03         PAGE  5


SYMBOL TABLE
  LABEL                             VALUE 

IRP                               00000007
NOT_A                             00000005
NOT_ADDRESS                       00000005
NOT_BO                            00000000
NOT_BOR                           00000000
NOT_DONE                          00000002
NOT_PD                            00000003
NOT_POR                           00000001
NOT_RBPU                          00000007
NOT_RC8                           00000006
NOT_T1SYNC                        00000002
NOT_TO                            00000004
NOT_TX8                           00000006
NOT_W                             00000002
NOT_WRITE                         00000002
OBF                               00000006
OERR                              00000001
OPTION_REG                        00000081
P                                 00000004
PCFG0                             00000000
PCFG1                             00000001
PCFG2                             00000002
PCFG3                             00000003
PCL                               00000002
PCLATH                            0000000A
PCON                              0000008E
PDel0                             00000030
PDelL1                            00000020
PDelL2                            00000021
PEIE                              00000006
PEN                               00000002
PIE1                              0000008C
PIE2                              0000008D
PIR1                              0000000C
PIR2                              0000000D
PLOOP0                            0000001D
PORTA                             00000005
PORTB                             00000006
PORTC                             00000007
PORTD                             00000008
PORTE                             00000009
PR2                               00000092
PRINCIPAL                         00000012
PS0                               00000000
PS1                               00000001
PS2                               00000002
PSA                               00000003
PSPIE                             00000007
PSPIF                             00000007
PSPMODE                           00000004
R                                 00000002
RA0                               00000000
RA1                               00000001
MPASM  5.51         PRACTICA 6 EJERCICIO1.ASM   4-6-2020  14:52:03         PAGE  6


SYMBOL TABLE
  LABEL                             VALUE 

RA2                               00000002
RA3                               00000003
RA4                               00000004
RA5                               00000005
RB0                               00000000
RB1                               00000001
RB2                               00000002
RB3                               00000003
RB4                               00000004
RB5                               00000005
RB6                               00000006
RB7                               00000007
RBIE                              00000003
RBIF                              00000000
RC0                               00000000
RC1                               00000001
RC2                               00000002
RC3                               00000003
RC4                               00000004
RC5                               00000005
RC6                               00000006
RC7                               00000007
RC8_9                             00000006
RC9                               00000006
RCD8                              00000000
RCEN                              00000003
RCIE                              00000005
RCIF                              00000005
RCREG                             0000001A
RCSTA                             00000018
RD                                00000000
RD0                               00000000
RD1                               00000001
RD2                               00000002
RD3                               00000003
RD4                               00000004
RD5                               00000005
RD6                               00000006
RD7                               00000007
RE0                               00000000
RE1                               00000001
RE2                               00000002
READ_WRITE                        00000002
RP0                               00000005
RP1                               00000006
RSEN                              00000001
RX9                               00000006
RX9D                              00000000
R_NOT_W                           00000002
R_W                               00000002
S                                 00000003
SEN                               00000000
SMP                               00000007
MPASM  5.51         PRACTICA 6 EJERCICIO1.ASM   4-6-2020  14:52:03         PAGE  7


SYMBOL TABLE
  LABEL                             VALUE 

SPBRG                             00000099
SPEN                              00000007
SREN                              00000005
SSPADD                            00000093
SSPBUF                            00000013
SSPCON                            00000014
SSPCON2                           00000091
SSPEN                             00000005
SSPIE                             00000003
SSPIF                             00000003
SSPM0                             00000000
SSPM1                             00000001
SSPM2                             00000002
SSPM3                             00000003
SSPOV                             00000006
SSPSTAT                           00000094
STATUS                            00000003
SYNC                              00000004
T0CS                              00000005
T0IE                              00000005
T0IF                              00000002
T0SE                              00000004
T1CKPS0                           00000004
T1CKPS1                           00000005
T1CON                             00000010
T1INSYNC                          00000002
T1OSCEN                           00000003
T1SYNC                            00000002
T2CKPS0                           00000000
T2CKPS1                           00000001
T2CON                             00000012
TMR0                              00000001
TMR0IE                            00000005
TMR0IF                            00000002
TMR1                              0000000E
TMR1CS                            00000001
TMR1H                             0000000F
TMR1IE                            00000000
TMR1IF                            00000000
TMR1L                             0000000E
TMR1ON                            00000000
TMR2                              00000011
TMR2IE                            00000001
TMR2IF                            00000001
TMR2ON                            00000002
TOUTPS0                           00000003
TOUTPS1                           00000004
TOUTPS2                           00000005
TOUTPS3                           00000006
TRISA                             00000085
TRISA0                            00000000
TRISA1                            00000001
TRISA2                            00000002
MPASM  5.51         PRACTICA 6 EJERCICIO1.ASM   4-6-2020  14:52:03         PAGE  8


SYMBOL TABLE
  LABEL                             VALUE 

TRISA3                            00000003
TRISA4                            00000004
TRISA5                            00000005
TRISB                             00000086
TRISB0                            00000000
TRISB1                            00000001
TRISB2                            00000002
TRISB3                            00000003
TRISB4                            00000004
TRISB5                            00000005
TRISB6                            00000006
TRISB7                            00000007
TRISC                             00000087
TRISC0                            00000000
TRISC1                            00000001
TRISC2                            00000002
TRISC3                            00000003
TRISC4                            00000004
TRISC5                            00000005
TRISC6                            00000006
TRISC7                            00000007
TRISD                             00000088
TRISD0                            00000000
TRISD1                            00000001
TRISD2                            00000002
TRISD3                            00000003
TRISD4                            00000004
TRISD5                            00000005
TRISD6                            00000006
TRISD7                            00000007
TRISE                             00000089
TRISE0                            00000000
TRISE1                            00000001
TRISE2                            00000002
TRMT                              00000001
TX8_9                             00000006
TX9                               00000006
TX9D                              00000000
TXD8                              00000000
TXEN                              00000005
TXIE                              00000004
TXIF                              00000004
TXREG                             00000019
TXSTA                             00000098
UA                                00000001
W                                 00000000
WCOL                              00000007
WR                                00000001
WREN                              00000002
WRERR                             00000003
Z                                 00000002
_BODEN_OFF                        00003FBF
_BODEN_ON                         00003FFF
MPASM  5.51         PRACTICA 6 EJERCICIO1.ASM   4-6-2020  14:52:03         PAGE  9


SYMBOL TABLE
  LABEL                             VALUE 

_BOREN_OFF                        00003FBF
_BOREN_ON                         00003FFF
_CONFIG                           00002007
_CPD_OFF                          00003FFF
_CPD_ON                           00003EFF
_CP_ALL                           00001FFF
_CP_OFF                           00003FFF
_CP_ON                            00001FFF
_DEBUG_OFF                        00003FFF
_DEBUG_ON                         000037FF
_DEVID1                           00002006
_FOSC_EXTRC                       00003FFF
_FOSC_HS                          00003FFE
_FOSC_LP                          00003FFC
_FOSC_XT                          00003FFD
_HS_OSC                           00003FFE
_IDLOC0                           00002000
_IDLOC1                           00002001
_IDLOC2                           00002002
_IDLOC3                           00002003
_LP_OSC                           00003FFC
_LVP_OFF                          00003F7F
_LVP_ON                           00003FFF
_PWRTE_OFF                        00003FFF
_PWRTE_ON                         00003FF7
_RC_OSC                           00003FFF
_WDTE_OFF                         00003FFB
_WDTE_ON                          00003FFF
_WDT_OFF                          00003FFB
_WDT_ON                           00003FFF
_WRT_1FOURTH                      00003BFF
_WRT_256                          00003DFF
_WRT_HALF                         000039FF
_WRT_OFF                          00003FFF
_XT_OSC                           00003FFD
__16F877A                         00000001


MEMORY USAGE MAP ('X' = Used,  '-' = Unused)

0000 : X----XXXXXXXXXXX XXXXXXXXXXXXXXXX XXX------------- ----------------

All other memory blocks unused.

Program Memory Words Used:    31
Program Memory Words Free:  8161


MPASM  5.51         PRACTICA 6 EJERCICIO1.ASM   4-6-2020  14:52:03         PAGE 10





Errors   :     0
Warnings :     3 reported,     0 suppressed
Messages :     3 reported,     0 suppressed

